Arguments: 
  /home/periface/.nvm/versions/node/v21.5.0/bin/node /mnt/c/Users/AATS9/AppData/Roaming/npm/node_modules/yarn/bin/yarn.js test

PATH: 
  /home/periface/.local/share/nvim/mason/bin:/home/periface/.encore/bin:/home/periface/google-cloud-sdk/bin:/home/periface/.cargo/bin:/home/periface/.nvm/versions/node/v21.5.0/bin:/usr/local/sbin:/usr/local/bin:/usr/sbin:/usr/bin:/sbin:/bin:/usr/games:/usr/local/games:/usr/lib/wsl/lib:/mnt/c/Program Files (x86)/Razer/ChromaBroadcast/bin:/mnt/c/Program Files/Razer/ChromaBroadcast/bin:/mnt/c/ProgramData/Oracle/Java/javapath:/mnt/c/Program Files (x86)/Common Files/Intel/Shared Libraries/redist/intel64/compiler:/mnt/c/Program Files/Microsoft/jdk-11.0.16.101-hotspot/bin:/mnt/c/Windows/system32:/mnt/c/Windows:/mnt/c/Windows/System32/Wbem:/mnt/c/Windows/System32/WindowsPowerShell/v1.0/:/mnt/c/Windows/System32/OpenSSH/:/mnt/c/Program Files (x86)/NVIDIA Corporation/PhysX/Common:/mnt/c/Program Files/NVIDIA Corporation/NVIDIA NvDLISR:/mnt/c/Program Files/Git/cmd:/mnt/c/ProgramData/chocolatey/bin:/mnt/c/Program Files/dotnet/:/mnt/c/Program Files/Microsoft SQL Server/150/Tools/Binn/:/mnt/c/Program Files/Microsoft SQL Server/Client SDK/ODBC/170/Tools/Binn/:/mnt/c/Program Files/PuTTY/:/mnt/c/Users/AATS9/AppData/Local/Programs/Python/Python311/Scripts/:/mnt/c/Users/AATS9/AppData/Local/Programs/Python/Python311/:/mnt/c/Users/AATS9/.console-ninja/.bin:/mnt/c/Program Files/MySQL/MySQL Shell 8.0/bin/:/mnt/c/Users/AATS9/AppData/Local/Microsoft/WindowsApps:/mnt/c/Users/AATS9/AppData/Local/Programs/Microsoft VS Code/bin:/mnt/c/Users/AATS9/AppData/Roaming/npm:/mnt/c/Users/AATS9/AppData/Local/GitHubDesktop/bin:/mnt/c/users/aats9/.local/bin:/mnt/d/Program Files (x86)/SPFLite2:/mnt/c/youtube-dl.exe:/mnt/c/Program Files/Go/bin:/mnt/c/php-8.2:/mnt/c/ProgramData/ComposerSetup/bin:/mnt/c/Program Files/PowerShell/7/:/mnt/c/Program Files/nodejs/:/mnt/c/Program Files/Docker/Docker/resources/bin:/mnt/c/Users/AATS9/.cargo/bin:/mnt/c/Users/AATS9/AppData/Local/Programs/Python/Python311/Scripts/:/mnt/c/Users/AATS9/AppData/Local/Programs/Python/Python311/:/mnt/c/Users/AATS9/.console-ninja/.bin:/mnt/c/Program Files/MySQL/MySQL Shell 8.0/bin/:/mnt/c/Users/AATS9/AppData/Local/Microsoft/WindowsApps:/mnt/c/Users/AATS9/AppData/Local/Programs/Microsoft VS Code/bin:/mnt/c/Users/AATS9/.dotnet/tools:/mnt/c/Users/AATS9/AppData/Local/GitHubDesktop/bin:/mnt/c/Program Files/JetBrains/IntelliJ IDEA Community Edition 2023.2.1/bin:/mnt/c/users/aats9/.local/bin:/mnt/c/youtube-dl.exe:/mnt/c/Users/AATS9/go/bin:/mnt/c/Users/AATS9/AppData/Roaming/Composer/vendor/bin:/mnt/c/Users/AATS9/AppData/Roaming/npm:/mnt/c/Users/AATS9/AppData/Local/Programs/mongosh/:/mnt/c/Program Files/Neovim/bin:/mnt/c/ProgramData/mingw64/mingw64/bin:/snap/bin:/usr/local/go/bin

Yarn version: 
  1.22.19

Node version: 
  21.5.0

Platform: 
  linux x64

Trace: 
  SyntaxError: /home/periface/proyectos/appsheet-companion/package.json: Expected double-quoted property name in JSON at position 399 (line 10 column 5)
      at JSON.parse (<anonymous>)
      at /mnt/c/Users/AATS9/AppData/Roaming/npm/node_modules/yarn/lib/cli.js:1629:59
      at Generator.next (<anonymous>)
      at step (/mnt/c/Users/AATS9/AppData/Roaming/npm/node_modules/yarn/lib/cli.js:310:30)
      at /mnt/c/Users/AATS9/AppData/Roaming/npm/node_modules/yarn/lib/cli.js:321:13

npm manifest: 
  {
      "name": "appsheet-companion",
      "version": "0.1.0",
      "description": "Herramientas para facilitar el uso de Appsheets",
      "main": "index.js",
      "scripts": {
          "test": "echo \"Error: no test specified\" && exit 1",
          "build": "tsup src/index.ts --format cjs --dts-resolve --minify --clean --sourcemap --legacy-output --target node12",
          "test": "jest --coverage",
      },
      "keywords": [
          "appsheet",
          "csv",
          "download",
          "query",
          "data"
      ],
      "author": "Alan Torres",
      "license": "MIT",
      "devDependencies": {
          "@types/jest": "^29.5.11",
          "jest": "^29.7.0",
          "ts-jest": "^29.1.2",
          "ts-node": "^10.9.2",
          "tsup": "^8.0.1",
          "typescript": "^5.3.3"
      },
      "dependencies": {
          "axios": "^1.6.7",
          "googleapis": "^131.0.0"
      }
  }

yarn manifest: 
  No manifest

Lockfile: 
  No lockfile
